<?xml version="1.0" encoding="UTF-8"?>
<!-- Generated by org.testng.reporters.JUnitReportReporter -->
<testsuite hostname="sbozhyk-2nout" failures="0" tests="1" name="testrunner.TestRunner" time="10.932" errors="0" timestamp="2023-07-13T21:36:32 EEST" skipped="0">
  <testcase classname="testrunner.TestRunner" name="runScenario" time="10.932"/>
  <system-out/>
</testsuite> <!-- testrunner.TestRunner -->
